<?xml version="1.0" encoding="UTF-8"?>
<testsuite name="mainTests" tests="1" skipped="0" failures="0" errors="0" timestamp="2023-01-24T05:50:06" hostname="DESKTOP-IEI941A" time="0.027">
  <properties/>
  <testcase name="printTest()" classname="mainTests" time="0.027"/>
  <system-out><![CDATA[Adsf
]]></system-out>
  <system-err><![CDATA[]]></system-err>
</testsuite>
